c:\users\dulapah vibulsanti\onedrive - kmitl\documents\github\problemset\helping_friend\fon\triangle\debug\vc142.pdb
c:\users\dulapah vibulsanti\onedrive - kmitl\documents\github\problemset\helping_friend\fon\triangle\debug\vc142.idb
c:\users\dulapah vibulsanti\onedrive - kmitl\documents\github\problemset\helping_friend\fon\triangle\debug\main.obj
c:\users\dulapah vibulsanti\onedrive - kmitl\documents\github\problemset\helping_friend\fon\triangle\debug\triangle.obj
c:\users\dulapah vibulsanti\onedrive - kmitl\documents\github\problemset\helping_friend\fon\triangle\debug\triangle.pdb
c:\users\dulapah vibulsanti\onedrive - kmitl\documents\github\problemset\helping_friend\fon\triangle\debug\triangle.tlog\cl.command.1.tlog
c:\users\dulapah vibulsanti\onedrive - kmitl\documents\github\problemset\helping_friend\fon\triangle\debug\triangle.tlog\cl.read.1.tlog
c:\users\dulapah vibulsanti\onedrive - kmitl\documents\github\problemset\helping_friend\fon\triangle\debug\triangle.tlog\cl.write.1.tlog
c:\users\dulapah vibulsanti\onedrive - kmitl\documents\github\problemset\helping_friend\fon\triangle\debug\triangle.tlog\link-cvtres.read.1.tlog
c:\users\dulapah vibulsanti\onedrive - kmitl\documents\github\problemset\helping_friend\fon\triangle\debug\triangle.tlog\link-cvtres.write.1.tlog
c:\users\dulapah vibulsanti\onedrive - kmitl\documents\github\problemset\helping_friend\fon\triangle\debug\triangle.tlog\link-rc.read.1.tlog
c:\users\dulapah vibulsanti\onedrive - kmitl\documents\github\problemset\helping_friend\fon\triangle\debug\triangle.tlog\link-rc.write.1.tlog
c:\users\dulapah vibulsanti\onedrive - kmitl\documents\github\problemset\helping_friend\fon\triangle\debug\triangle.tlog\link.29872-cvtres.read.1.tlog
c:\users\dulapah vibulsanti\onedrive - kmitl\documents\github\problemset\helping_friend\fon\triangle\debug\triangle.tlog\link.29872-cvtres.write.1.tlog
c:\users\dulapah vibulsanti\onedrive - kmitl\documents\github\problemset\helping_friend\fon\triangle\debug\triangle.tlog\link.29872-rc.read.1.tlog
c:\users\dulapah vibulsanti\onedrive - kmitl\documents\github\problemset\helping_friend\fon\triangle\debug\triangle.tlog\link.29872-rc.write.1.tlog
c:\users\dulapah vibulsanti\onedrive - kmitl\documents\github\problemset\helping_friend\fon\triangle\debug\triangle.tlog\link.29872.read.1.tlog
c:\users\dulapah vibulsanti\onedrive - kmitl\documents\github\problemset\helping_friend\fon\triangle\debug\triangle.tlog\link.29872.write.1.tlog
c:\users\dulapah vibulsanti\onedrive - kmitl\documents\github\problemset\helping_friend\fon\triangle\debug\triangle.tlog\link.command.1.tlog
c:\users\dulapah vibulsanti\onedrive - kmitl\documents\github\problemset\helping_friend\fon\triangle\debug\triangle.tlog\link.read.1.tlog
c:\users\dulapah vibulsanti\onedrive - kmitl\documents\github\problemset\helping_friend\fon\triangle\debug\triangle.tlog\link.write.1.tlog
