  main.cpp
  Pt.cpp
  Rectangle.cpp
C:\Users\Dulapah Vibulsanti\OneDrive - KMITL\Documents\GitHub\ProblemSet\KMITL_C-CPP\Semester_2\Lab\Lab3\Rectangle.cpp(47,10): warning C4244: 'initializing': conversion from 'T' to 'float', possible loss of data
          with
          [
              T=int
          ]
C:\Users\Dulapah Vibulsanti\OneDrive - KMITL\Documents\GitHub\ProblemSet\KMITL_C-CPP\Semester_2\Lab\Lab3\Rectangle.cpp(41): message : while compiling class template member function 'Rect<int>::Rect(Rect<int> *,float,float)'
C:\Users\Dulapah Vibulsanti\OneDrive - KMITL\Documents\GitHub\ProblemSet\KMITL_C-CPP\Semester_2\Lab\Lab3\Rectangle.cpp(100): message : see reference to class template instantiation 'Rect<int>' being compiled
C:\Users\Dulapah Vibulsanti\OneDrive - KMITL\Documents\GitHub\ProblemSet\KMITL_C-CPP\Semester_2\Lab\Lab3\Rectangle.cpp(48,10): warning C4244: 'initializing': conversion from 'T' to 'float', possible loss of data
          with
          [
              T=int
          ]
C:\Users\Dulapah Vibulsanti\OneDrive - KMITL\Documents\GitHub\ProblemSet\KMITL_C-CPP\Semester_2\Lab\Lab3\Rectangle.cpp(49,14): warning C4244: '=': conversion from 'float' to 'T', possible loss of data
          with
          [
              T=int
          ]
C:\Users\Dulapah Vibulsanti\OneDrive - KMITL\Documents\GitHub\ProblemSet\KMITL_C-CPP\Semester_2\Lab\Lab3\Rectangle.cpp(50,14): warning C4244: '=': conversion from 'float' to 'T', possible loss of data
          with
          [
              T=int
          ]
C:\Users\Dulapah Vibulsanti\OneDrive - KMITL\Documents\GitHub\ProblemSet\KMITL_C-CPP\Semester_2\Lab\Lab3\Rectangle.cpp(34,10): warning C4244: 'initializing': conversion from 'T' to 'float', possible loss of data
          with
          [
              T=int
          ]
C:\Users\Dulapah Vibulsanti\OneDrive - KMITL\Documents\GitHub\ProblemSet\KMITL_C-CPP\Semester_2\Lab\Lab3\Rectangle.cpp(28): message : while compiling class template member function 'Rect<int>::Rect(Rect<int> *,float)'
C:\Users\Dulapah Vibulsanti\OneDrive - KMITL\Documents\GitHub\ProblemSet\KMITL_C-CPP\Semester_2\Lab\Lab3\Rectangle.cpp(35,10): warning C4244: 'initializing': conversion from 'T' to 'float', possible loss of data
          with
          [
              T=int
          ]
C:\Users\Dulapah Vibulsanti\OneDrive - KMITL\Documents\GitHub\ProblemSet\KMITL_C-CPP\Semester_2\Lab\Lab3\Rectangle.cpp(36,14): warning C4244: '=': conversion from 'float' to 'T', possible loss of data
          with
          [
              T=int
          ]
C:\Users\Dulapah Vibulsanti\OneDrive - KMITL\Documents\GitHub\ProblemSet\KMITL_C-CPP\Semester_2\Lab\Lab3\Rectangle.cpp(37,14): warning C4244: '=': conversion from 'float' to 'T', possible loss of data
          with
          [
              T=int
          ]
C:\Users\Dulapah Vibulsanti\OneDrive - KMITL\Documents\GitHub\ProblemSet\KMITL_C-CPP\Semester_2\Lab\Lab3\Rectangle.cpp(61,10): warning C4244: 'initializing': conversion from 'T' to 'float', possible loss of data
          with
          [
              T=int
          ]
C:\Users\Dulapah Vibulsanti\OneDrive - KMITL\Documents\GitHub\ProblemSet\KMITL_C-CPP\Semester_2\Lab\Lab3\Rectangle.cpp(60): message : while compiling class template member function 'float Rect<int>::getArea(void)'
C:\Users\Dulapah Vibulsanti\OneDrive - KMITL\Documents\GitHub\ProblemSet\KMITL_C-CPP\Semester_2\Lab\Lab3\Rectangle.cpp(43): message : see reference to function template instantiation 'float Rect<int>::getArea(void)' being compiled
C:\Users\Dulapah Vibulsanti\OneDrive - KMITL\Documents\GitHub\ProblemSet\KMITL_C-CPP\Semester_2\Lab\Lab3\Rectangle.cpp(62,10): warning C4244: 'initializing': conversion from 'T' to 'float', possible loss of data
          with
          [
              T=int
          ]
C:\Users\Dulapah Vibulsanti\OneDrive - KMITL\Documents\GitHub\ProblemSet\KMITL_C-CPP\Semester_2\Lab\Lab3\Rectangle.cpp(68,10): warning C4244: 'initializing': conversion from 'T' to 'float', possible loss of data
          with
          [
              T=int
          ]
C:\Users\Dulapah Vibulsanti\OneDrive - KMITL\Documents\GitHub\ProblemSet\KMITL_C-CPP\Semester_2\Lab\Lab3\Rectangle.cpp(67): message : while compiling class template member function 'float Rect<int>::getPerimeter(void)'
C:\Users\Dulapah Vibulsanti\OneDrive - KMITL\Documents\GitHub\ProblemSet\KMITL_C-CPP\Semester_2\Lab\Lab3\Rectangle.cpp(69,10): warning C4244: 'initializing': conversion from 'T' to 'float', possible loss of data
          with
          [
              T=int
          ]
C:\Users\Dulapah Vibulsanti\OneDrive - KMITL\Documents\GitHub\ProblemSet\KMITL_C-CPP\Semester_2\Lab\Lab3\Rectangle.cpp(75,14): warning C4244: '=': conversion from 'float' to 'T', possible loss of data
          with
          [
              T=int
          ]
C:\Users\Dulapah Vibulsanti\OneDrive - KMITL\Documents\GitHub\ProblemSet\KMITL_C-CPP\Semester_2\Lab\Lab3\Rectangle.cpp(74): message : while compiling class template member function 'void Rect<int>::move(float,float)'
C:\Users\Dulapah Vibulsanti\OneDrive - KMITL\Documents\GitHub\ProblemSet\KMITL_C-CPP\Semester_2\Lab\Lab3\Rectangle.cpp(75,32): warning C4244: '=': conversion from 'float' to 'T', possible loss of data
          with
          [
              T=int
          ]
C:\Users\Dulapah Vibulsanti\OneDrive - KMITL\Documents\GitHub\ProblemSet\KMITL_C-CPP\Semester_2\Lab\Lab3\Rectangle.cpp(76,14): warning C4244: '=': conversion from 'float' to 'T', possible loss of data
          with
          [
              T=int
          ]
C:\Users\Dulapah Vibulsanti\OneDrive - KMITL\Documents\GitHub\ProblemSet\KMITL_C-CPP\Semester_2\Lab\Lab3\Rectangle.cpp(76,32): warning C4244: '=': conversion from 'float' to 'T', possible loss of data
          with
          [
              T=int
          ]
C:\Users\Dulapah Vibulsanti\OneDrive - KMITL\Documents\GitHub\ProblemSet\KMITL_C-CPP\Semester_2\Lab\Lab3\Rectangle.cpp(47,10): warning C4244: 'initializing': conversion from 'T' to 'float', possible loss of data
          with
          [
              T=double
          ]
C:\Users\Dulapah Vibulsanti\OneDrive - KMITL\Documents\GitHub\ProblemSet\KMITL_C-CPP\Semester_2\Lab\Lab3\Rectangle.cpp(41): message : while compiling class template member function 'Rect<double>::Rect(Rect<double> *,float,float)'
C:\Users\Dulapah Vibulsanti\OneDrive - KMITL\Documents\GitHub\ProblemSet\KMITL_C-CPP\Semester_2\Lab\Lab3\Rectangle.cpp(102): message : see reference to class template instantiation 'Rect<double>' being compiled
C:\Users\Dulapah Vibulsanti\OneDrive - KMITL\Documents\GitHub\ProblemSet\KMITL_C-CPP\Semester_2\Lab\Lab3\Rectangle.cpp(48,10): warning C4244: 'initializing': conversion from 'T' to 'float', possible loss of data
          with
          [
              T=double
          ]
C:\Users\Dulapah Vibulsanti\OneDrive - KMITL\Documents\GitHub\ProblemSet\KMITL_C-CPP\Semester_2\Lab\Lab3\Rectangle.cpp(34,10): warning C4244: 'initializing': conversion from 'T' to 'float', possible loss of data
          with
          [
              T=double
          ]
C:\Users\Dulapah Vibulsanti\OneDrive - KMITL\Documents\GitHub\ProblemSet\KMITL_C-CPP\Semester_2\Lab\Lab3\Rectangle.cpp(28): message : while compiling class template member function 'Rect<double>::Rect(Rect<double> *,float)'
C:\Users\Dulapah Vibulsanti\OneDrive - KMITL\Documents\GitHub\ProblemSet\KMITL_C-CPP\Semester_2\Lab\Lab3\Rectangle.cpp(35,10): warning C4244: 'initializing': conversion from 'T' to 'float', possible loss of data
          with
          [
              T=double
          ]
C:\Users\Dulapah Vibulsanti\OneDrive - KMITL\Documents\GitHub\ProblemSet\KMITL_C-CPP\Semester_2\Lab\Lab3\Rectangle.cpp(61,10): warning C4244: 'initializing': conversion from 'T' to 'float', possible loss of data
          with
          [
              T=double
          ]
C:\Users\Dulapah Vibulsanti\OneDrive - KMITL\Documents\GitHub\ProblemSet\KMITL_C-CPP\Semester_2\Lab\Lab3\Rectangle.cpp(60): message : while compiling class template member function 'float Rect<double>::getArea(void)'
C:\Users\Dulapah Vibulsanti\OneDrive - KMITL\Documents\GitHub\ProblemSet\KMITL_C-CPP\Semester_2\Lab\Lab3\Rectangle.cpp(43): message : see reference to function template instantiation 'float Rect<double>::getArea(void)' being compiled
C:\Users\Dulapah Vibulsanti\OneDrive - KMITL\Documents\GitHub\ProblemSet\KMITL_C-CPP\Semester_2\Lab\Lab3\Rectangle.cpp(62,10): warning C4244: 'initializing': conversion from 'T' to 'float', possible loss of data
          with
          [
              T=double
          ]
C:\Users\Dulapah Vibulsanti\OneDrive - KMITL\Documents\GitHub\ProblemSet\KMITL_C-CPP\Semester_2\Lab\Lab3\Rectangle.cpp(68,10): warning C4244: 'initializing': conversion from 'T' to 'float', possible loss of data
          with
          [
              T=double
          ]
C:\Users\Dulapah Vibulsanti\OneDrive - KMITL\Documents\GitHub\ProblemSet\KMITL_C-CPP\Semester_2\Lab\Lab3\Rectangle.cpp(67): message : while compiling class template member function 'float Rect<double>::getPerimeter(void)'
C:\Users\Dulapah Vibulsanti\OneDrive - KMITL\Documents\GitHub\ProblemSet\KMITL_C-CPP\Semester_2\Lab\Lab3\Rectangle.cpp(69,10): warning C4244: 'initializing': conversion from 'T' to 'float', possible loss of data
          with
          [
              T=double
          ]
C:\Users\Dulapah Vibulsanti\OneDrive - KMITL\Documents\GitHub\ProblemSet\KMITL_C-CPP\Semester_2\Lab\Lab3\Pt.h(23,17): warning C4244: '=': conversion from 'float' to 'T', possible loss of data
          with
          [
              T=int
          ]
C:\Users\Dulapah Vibulsanti\OneDrive - KMITL\Documents\GitHub\ProblemSet\KMITL_C-CPP\Semester_2\Lab\Lab3\Pt.h(23): message : while compiling class template member function 'Pt<T>::Pt(void)'
          with
          [
              T=int
          ]
C:\Users\Dulapah Vibulsanti\OneDrive - KMITL\Documents\GitHub\ProblemSet\KMITL_C-CPP\Semester_2\Lab\Lab3\Rectangle.cpp(41): message : see reference to function template instantiation 'Pt<T>::Pt(void)' being compiled
          with
          [
              T=int
          ]
C:\Users\Dulapah Vibulsanti\OneDrive - KMITL\Documents\GitHub\ProblemSet\KMITL_C-CPP\Semester_2\Lab\Lab3\Rectangle.h(14): message : see reference to class template instantiation 'Pt<T>' being compiled
          with
          [
              T=int
          ]
  Generating Code...
  Lab3.vcxproj -> C:\Users\Dulapah Vibulsanti\OneDrive - KMITL\Documents\GitHub\ProblemSet\KMITL_C-CPP\Semester_2\Lab\Lab3\Debug\Lab3.exe
