  main.cpp
  Point.cpp
  Point3D.cpp
  Point4D.cpp
C:\Users\Dulapah Vibulsanti\OneDrive - KMITL\Documents\GitHub\ProblemSet\KMITL_C-CPP\Semester_2\Lab8\Point4D.cpp(60): warning C4661: 'Point4D<int> Point4D<int>::operator +(Point4D<int> &)': no suitable definition provided for explicit template instantiation request
C:\Users\Dulapah Vibulsanti\OneDrive - KMITL\Documents\GitHub\ProblemSet\KMITL_C-CPP\Semester_2\Lab8\Point4D.h(27): message : see declaration of 'Point4D<int>::operator +'
C:\Users\Dulapah Vibulsanti\OneDrive - KMITL\Documents\GitHub\ProblemSet\KMITL_C-CPP\Semester_2\Lab8\Point4D.cpp(60): warning C4661: 'Point4D<int> Point4D<int>::operator -(Point4D<int> &)': no suitable definition provided for explicit template instantiation request
C:\Users\Dulapah Vibulsanti\OneDrive - KMITL\Documents\GitHub\ProblemSet\KMITL_C-CPP\Semester_2\Lab8\Point4D.h(30): message : see declaration of 'Point4D<int>::operator -'
C:\Users\Dulapah Vibulsanti\OneDrive - KMITL\Documents\GitHub\ProblemSet\KMITL_C-CPP\Semester_2\Lab8\Point4D.cpp(60): warning C4661: 'Point4D<int> Point4D<int>::operator *(Point4D<int> &)': no suitable definition provided for explicit template instantiation request
C:\Users\Dulapah Vibulsanti\OneDrive - KMITL\Documents\GitHub\ProblemSet\KMITL_C-CPP\Semester_2\Lab8\Point4D.h(33): message : see declaration of 'Point4D<int>::operator *'
C:\Users\Dulapah Vibulsanti\OneDrive - KMITL\Documents\GitHub\ProblemSet\KMITL_C-CPP\Semester_2\Lab8\Point4D.cpp(60): warning C4661: 'Point4D<int> Point4D<int>::operator /(Point4D<int> &)': no suitable definition provided for explicit template instantiation request
C:\Users\Dulapah Vibulsanti\OneDrive - KMITL\Documents\GitHub\ProblemSet\KMITL_C-CPP\Semester_2\Lab8\Point4D.h(36): message : see declaration of 'Point4D<int>::operator /'
C:\Users\Dulapah Vibulsanti\OneDrive - KMITL\Documents\GitHub\ProblemSet\KMITL_C-CPP\Semester_2\Lab8\Point4D.cpp(61): warning C4661: 'Point4D<float> Point4D<float>::operator +(Point4D<float> &)': no suitable definition provided for explicit template instantiation request
C:\Users\Dulapah Vibulsanti\OneDrive - KMITL\Documents\GitHub\ProblemSet\KMITL_C-CPP\Semester_2\Lab8\Point4D.h(27): message : see declaration of 'Point4D<float>::operator +'
C:\Users\Dulapah Vibulsanti\OneDrive - KMITL\Documents\GitHub\ProblemSet\KMITL_C-CPP\Semester_2\Lab8\Point4D.cpp(61): warning C4661: 'Point4D<float> Point4D<float>::operator -(Point4D<float> &)': no suitable definition provided for explicit template instantiation request
C:\Users\Dulapah Vibulsanti\OneDrive - KMITL\Documents\GitHub\ProblemSet\KMITL_C-CPP\Semester_2\Lab8\Point4D.h(30): message : see declaration of 'Point4D<float>::operator -'
C:\Users\Dulapah Vibulsanti\OneDrive - KMITL\Documents\GitHub\ProblemSet\KMITL_C-CPP\Semester_2\Lab8\Point4D.cpp(61): warning C4661: 'Point4D<float> Point4D<float>::operator *(Point4D<float> &)': no suitable definition provided for explicit template instantiation request
C:\Users\Dulapah Vibulsanti\OneDrive - KMITL\Documents\GitHub\ProblemSet\KMITL_C-CPP\Semester_2\Lab8\Point4D.h(33): message : see declaration of 'Point4D<float>::operator *'
C:\Users\Dulapah Vibulsanti\OneDrive - KMITL\Documents\GitHub\ProblemSet\KMITL_C-CPP\Semester_2\Lab8\Point4D.cpp(61): warning C4661: 'Point4D<float> Point4D<float>::operator /(Point4D<float> &)': no suitable definition provided for explicit template instantiation request
C:\Users\Dulapah Vibulsanti\OneDrive - KMITL\Documents\GitHub\ProblemSet\KMITL_C-CPP\Semester_2\Lab8\Point4D.h(36): message : see declaration of 'Point4D<float>::operator /'
C:\Users\Dulapah Vibulsanti\OneDrive - KMITL\Documents\GitHub\ProblemSet\KMITL_C-CPP\Semester_2\Lab8\Point4D.cpp(62): warning C4661: 'Point4D<double> Point4D<double>::operator +(Point4D<double> &)': no suitable definition provided for explicit template instantiation request
C:\Users\Dulapah Vibulsanti\OneDrive - KMITL\Documents\GitHub\ProblemSet\KMITL_C-CPP\Semester_2\Lab8\Point4D.h(27): message : see declaration of 'Point4D<double>::operator +'
C:\Users\Dulapah Vibulsanti\OneDrive - KMITL\Documents\GitHub\ProblemSet\KMITL_C-CPP\Semester_2\Lab8\Point4D.cpp(62): warning C4661: 'Point4D<double> Point4D<double>::operator -(Point4D<double> &)': no suitable definition provided for explicit template instantiation request
C:\Users\Dulapah Vibulsanti\OneDrive - KMITL\Documents\GitHub\ProblemSet\KMITL_C-CPP\Semester_2\Lab8\Point4D.h(30): message : see declaration of 'Point4D<double>::operator -'
C:\Users\Dulapah Vibulsanti\OneDrive - KMITL\Documents\GitHub\ProblemSet\KMITL_C-CPP\Semester_2\Lab8\Point4D.cpp(62): warning C4661: 'Point4D<double> Point4D<double>::operator *(Point4D<double> &)': no suitable definition provided for explicit template instantiation request
C:\Users\Dulapah Vibulsanti\OneDrive - KMITL\Documents\GitHub\ProblemSet\KMITL_C-CPP\Semester_2\Lab8\Point4D.h(33): message : see declaration of 'Point4D<double>::operator *'
C:\Users\Dulapah Vibulsanti\OneDrive - KMITL\Documents\GitHub\ProblemSet\KMITL_C-CPP\Semester_2\Lab8\Point4D.cpp(62): warning C4661: 'Point4D<double> Point4D<double>::operator /(Point4D<double> &)': no suitable definition provided for explicit template instantiation request
C:\Users\Dulapah Vibulsanti\OneDrive - KMITL\Documents\GitHub\ProblemSet\KMITL_C-CPP\Semester_2\Lab8\Point4D.h(36): message : see declaration of 'Point4D<double>::operator /'
C:\Users\Dulapah Vibulsanti\OneDrive - KMITL\Documents\GitHub\ProblemSet\KMITL_C-CPP\Semester_2\Lab8\Point4D.cpp(17): warning C4661: 'Point4D<int> Point4D<int>::operator +(Point4D<int> &)': no suitable definition provided for explicit template instantiation request
C:\Users\Dulapah Vibulsanti\OneDrive - KMITL\Documents\GitHub\ProblemSet\KMITL_C-CPP\Semester_2\Lab8\Point4D.h(27): message : see declaration of 'Point4D<int>::operator +'
C:\Users\Dulapah Vibulsanti\OneDrive - KMITL\Documents\GitHub\ProblemSet\KMITL_C-CPP\Semester_2\Lab8\Point4D.cpp(17): warning C4661: 'Point4D<int> Point4D<int>::operator -(Point4D<int> &)': no suitable definition provided for explicit template instantiation request
C:\Users\Dulapah Vibulsanti\OneDrive - KMITL\Documents\GitHub\ProblemSet\KMITL_C-CPP\Semester_2\Lab8\Point4D.h(30): message : see declaration of 'Point4D<int>::operator -'
C:\Users\Dulapah Vibulsanti\OneDrive - KMITL\Documents\GitHub\ProblemSet\KMITL_C-CPP\Semester_2\Lab8\Point4D.cpp(17): warning C4661: 'Point4D<int> Point4D<int>::operator *(Point4D<int> &)': no suitable definition provided for explicit template instantiation request
C:\Users\Dulapah Vibulsanti\OneDrive - KMITL\Documents\GitHub\ProblemSet\KMITL_C-CPP\Semester_2\Lab8\Point4D.h(33): message : see declaration of 'Point4D<int>::operator *'
C:\Users\Dulapah Vibulsanti\OneDrive - KMITL\Documents\GitHub\ProblemSet\KMITL_C-CPP\Semester_2\Lab8\Point4D.cpp(17): warning C4661: 'Point4D<int> Point4D<int>::operator /(Point4D<int> &)': no suitable definition provided for explicit template instantiation request
C:\Users\Dulapah Vibulsanti\OneDrive - KMITL\Documents\GitHub\ProblemSet\KMITL_C-CPP\Semester_2\Lab8\Point4D.h(36): message : see declaration of 'Point4D<int>::operator /'
C:\Users\Dulapah Vibulsanti\OneDrive - KMITL\Documents\GitHub\ProblemSet\KMITL_C-CPP\Semester_2\Lab8\Point4D.cpp(17): warning C4661: 'Point4D<float> Point4D<float>::operator +(Point4D<float> &)': no suitable definition provided for explicit template instantiation request
C:\Users\Dulapah Vibulsanti\OneDrive - KMITL\Documents\GitHub\ProblemSet\KMITL_C-CPP\Semester_2\Lab8\Point4D.h(27): message : see declaration of 'Point4D<float>::operator +'
C:\Users\Dulapah Vibulsanti\OneDrive - KMITL\Documents\GitHub\ProblemSet\KMITL_C-CPP\Semester_2\Lab8\Point4D.cpp(17): warning C4661: 'Point4D<float> Point4D<float>::operator -(Point4D<float> &)': no suitable definition provided for explicit template instantiation request
C:\Users\Dulapah Vibulsanti\OneDrive - KMITL\Documents\GitHub\ProblemSet\KMITL_C-CPP\Semester_2\Lab8\Point4D.h(30): message : see declaration of 'Point4D<float>::operator -'
C:\Users\Dulapah Vibulsanti\OneDrive - KMITL\Documents\GitHub\ProblemSet\KMITL_C-CPP\Semester_2\Lab8\Point4D.cpp(17): warning C4661: 'Point4D<float> Point4D<float>::operator *(Point4D<float> &)': no suitable definition provided for explicit template instantiation request
C:\Users\Dulapah Vibulsanti\OneDrive - KMITL\Documents\GitHub\ProblemSet\KMITL_C-CPP\Semester_2\Lab8\Point4D.h(33): message : see declaration of 'Point4D<float>::operator *'
C:\Users\Dulapah Vibulsanti\OneDrive - KMITL\Documents\GitHub\ProblemSet\KMITL_C-CPP\Semester_2\Lab8\Point4D.cpp(17): warning C4661: 'Point4D<float> Point4D<float>::operator /(Point4D<float> &)': no suitable definition provided for explicit template instantiation request
C:\Users\Dulapah Vibulsanti\OneDrive - KMITL\Documents\GitHub\ProblemSet\KMITL_C-CPP\Semester_2\Lab8\Point4D.h(36): message : see declaration of 'Point4D<float>::operator /'
C:\Users\Dulapah Vibulsanti\OneDrive - KMITL\Documents\GitHub\ProblemSet\KMITL_C-CPP\Semester_2\Lab8\Point4D.cpp(17): warning C4661: 'Point4D<double> Point4D<double>::operator +(Point4D<double> &)': no suitable definition provided for explicit template instantiation request
C:\Users\Dulapah Vibulsanti\OneDrive - KMITL\Documents\GitHub\ProblemSet\KMITL_C-CPP\Semester_2\Lab8\Point4D.h(27): message : see declaration of 'Point4D<double>::operator +'
C:\Users\Dulapah Vibulsanti\OneDrive - KMITL\Documents\GitHub\ProblemSet\KMITL_C-CPP\Semester_2\Lab8\Point4D.cpp(17): warning C4661: 'Point4D<double> Point4D<double>::operator -(Point4D<double> &)': no suitable definition provided for explicit template instantiation request
C:\Users\Dulapah Vibulsanti\OneDrive - KMITL\Documents\GitHub\ProblemSet\KMITL_C-CPP\Semester_2\Lab8\Point4D.h(30): message : see declaration of 'Point4D<double>::operator -'
C:\Users\Dulapah Vibulsanti\OneDrive - KMITL\Documents\GitHub\ProblemSet\KMITL_C-CPP\Semester_2\Lab8\Point4D.cpp(17): warning C4661: 'Point4D<double> Point4D<double>::operator *(Point4D<double> &)': no suitable definition provided for explicit template instantiation request
C:\Users\Dulapah Vibulsanti\OneDrive - KMITL\Documents\GitHub\ProblemSet\KMITL_C-CPP\Semester_2\Lab8\Point4D.h(33): message : see declaration of 'Point4D<double>::operator *'
C:\Users\Dulapah Vibulsanti\OneDrive - KMITL\Documents\GitHub\ProblemSet\KMITL_C-CPP\Semester_2\Lab8\Point4D.cpp(17): warning C4661: 'Point4D<double> Point4D<double>::operator /(Point4D<double> &)': no suitable definition provided for explicit template instantiation request
C:\Users\Dulapah Vibulsanti\OneDrive - KMITL\Documents\GitHub\ProblemSet\KMITL_C-CPP\Semester_2\Lab8\Point4D.h(36): message : see declaration of 'Point4D<double>::operator /'
  Generating Code...
main.obj : error LNK2019: unresolved external symbol "public: class Point4D<int> __cdecl Point4D<int>::operator+(class Point4D<int> &)" (??H?$Point4D@H@@QEAA?AV0@AEAV0@@Z) referenced in function main
C:\Users\Dulapah Vibulsanti\OneDrive - KMITL\Documents\GitHub\ProblemSet\KMITL_C-CPP\Semester_2\Lab8\x64\Debug\Lab8.exe : fatal error LNK1120: 1 unresolved externals
